100
1 278
2 796
3 278
4 733
5 8
6 674
7 753
8 697
9 706
10 992
11 697
12 633
13 588
14 981
15 796
16 697
17 278
18 697
19 697
20 825
21 633
22 697
23 697
24 697
25 697
26 666
27 588
28 278
29 697
30 697
31 697
32 697
33 278
34 697
35 278
36 697
37 697
38 697
39 697
40 278
41 621
42 697
43 278
44 278
45 633
46 697
47 607
48 55
49 621
50 278
51 278
52 278
53 697
54 278
55 697
56 697
57 697
58 697
59 278
60 697
61 3
62 278
63 697
64 697
65 17
66 697
67 633
68 697
69 674
70 278
71 278
72 8
73 278
74 697
75 55
76 697
77 278
78 697
79 697
80 697
81 697
82 278
83 278
84 697
85 34
86 697
87 278
88 697
89 278
90 697
91 697
92 278
93 633
94 697
95 697
96 633
97 278
98 697
99 697
100 17