200
1 5954
2 9028
3 9686
4 8367
5 9028
6 5954
7 9141
8 5954
9 9186
10 5954
11 5954
12 5954
13 5954
14 5806
15 5954
16 5954
17 5954
18 5954
19 5954
20 9141
21 9141
22 5954
23 5954
24 9875
25 9028
26 5954
27 9028
28 5954
29 5954
30 9028
31 2699
32 6012
33 9028
34 5954
35 9830
36 9028
37 9375
38 9686
39 5954
40 9028
41 5954
42 5167
43 5568
44 5588
45 2699
46 5954
47 2699
48 5954
49 5954
50 5954
51 548
52 5520
53 53
54 2699
55 2699
56 2699
57 5954
58 2699
59 2699
60 5954
61 5954
62 5954
63 2699
64 5167
65 5954
66 2699
67 5954
68 5849
69 5954
70 5954
71 2699
72 2699
73 5954
74 5954
75 132
76 473
77 5954
78 5954
79 5954
80 5954
81 2699
82 53
83 5954
84 5568
85 5954
86 5954
87 5954
88 5954
89 5954
90 5954
91 5954
92 5954
93 5954
94 5954
95 5954
96 5954
97 5954
98 5954
99 346
100 630
101 5954
102 5428
103 5954
104 5954
105 5954
106 5699
107 5588
108 5954
109 2699
110 5954
111 5954
112 5304
113 5954
114 5954
115 630
116 473
117 5954
118 53
119 5954
120 5954
121 2699
122 5849
123 5304
124 630
125 5245
126 5954
127 2699
128 346
129 5954
130 5954
131 5806
132 5954
133 5954
134 630
135 5167
136 5954
137 5954
138 5954
139 5954
140 5954
141 5954
142 5954
143 5954
144 5137
145 84
146 5520
147 5329
148 2699
149 5954
150 5954
151 5954
152 5954
153 5954
154 5954
155 5954
156 5954
157 5954
158 5954
159 5954
160 346
161 107
162 5954
163 5954
164 2699
165 2699
166 5954
167 5954
168 5520
169 5954
170 2699
171 5954
172 5329
173 2699
174 5954
175 5954
176 5954
177 5954
178 5849
179 5954
180 5954
181 5954
182 5954
183 2699
184 5849
185 5954
186 5954
187 5304
188 5954
189 5428
190 5954
191 5954
192 5954
193 5954
194 5954
195 5588
196 5954
197 5954
198 5954
199 5954
200 5954