500
1 5906
2 8777
3 5906
4 8777
5 8777
6 5906
7 8777
8 8777
9 5906
10 8777
11 5906
12 9151
13 5906
14 8777
15 5906
16 8777
17 8777
18 5906
19 5906
20 5906
21 9526
22 2556
23 5906
24 8777
25 9094
26 5906
27 5906
28 5906
29 5986
30 8777
31 5906
32 5906
33 8777
34 5906
35 5906
36 8995
37 8777
38 7526
39 9387
40 5906
41 5906
42 5906
43 8777
44 5906
45 9755
46 8777
47 5906
48 8777
49 5906
50 5906
51 8777
52 5906
53 8777
54 8777
55 8707
56 7526
57 5906
58 8777
59 5906
60 5906
61 5906
62 2221
63 5906
64 5906
65 8777
66 5906
67 9151
68 9094
69 5906
70 2221
71 8777
72 8777
73 5906
74 9928
75 9509
76 8479
77 5906
78 5811
79 5906
80 5906
81 5906
82 9638
83 8777
84 5906
85 8777
86 5906
87 5906
88 5906
89 8777
90 9387
91 2221
92 5906
93 9638
94 5906
95 9220
96 9094
97 5906
98 9755
99 5906
100 9094
101 2221
102 5906
103 5906
104 2221
105 5721
106 5906
107 5906
108 5906
109 5906
110 5906
111 5906
112 2221
113 5906
114 2221
115 2221
116 5906
117 2221
118 5906
119 5906
120 5906
121 5906
122 2221
123 5906
124 5199
125 5906
126 5906
127 5906
128 2221
129 5906
130 5351
131 122
132 5906
133 5906
134 5906
135 5906
136 2221
137 5906
138 5351
139 5906
140 5906
141 5906
142 5351
143 5906
144 5906
145 2221
146 5906
147 2221
148 5521
149 5906
150 2221
151 5906
152 2221
153 2221
154 5906
155 5906
156 2221
157 5906
158 2221
159 5906
160 5721
161 5906
162 2221
163 5906
164 5906
165 5906
166 2221
167 216
168 2221
169 5906
170 5906
171 2221
172 5906
173 5906
174 216
175 2221
176 58
177 2221
178 5906
179 482
180 5672
181 5906
182 2221
183 5906
184 5885
185 2221
186 5906
187 5906
188 5351
189 5906
190 5906
191 5906
192 216
193 5906
194 5906
195 5906
196 5906
197 5906
198 5906
199 5351
200 5906
201 5906
202 5906
203 5906
204 2221
205 5906
206 5906
207 5906
208 5906
209 5311
210 2221
211 2221
212 2221
213 2221
214 5906
215 5906
216 5906
217 5906
218 5351
219 5906
220 5906
221 5906
222 5906
223 5906
224 5811
225 2556
226 5351
227 2221
228 5906
229 5906
230 2221
231 5906
232 5906
233 5906
234 5906
235 5906
236 5906
237 5906
238 5811
239 5906
240 5906
241 2221
242 5906
243 5906
244 5630
245 5906
246 5906
247 5906
248 2221
249 5223
250 5906
251 5906
252 5906
253 5906
254 2221
255 5906
256 5906
257 5906
258 5454
259 5906
260 2221
261 5203
262 5506
263 5906
264 5906
265 5906
266 2221
267 5906
268 5906
269 5906
270 5906
271 5906
272 2221
273 5906
274 5906
275 2221
276 5906
277 415
278 156
279 5906
280 5906
281 2221
282 5906
283 5906
284 5906
285 5553
286 5223
287 5906
288 5906
289 5906
290 5721
291 2221
292 2221
293 5906
294 5906
295 5906
296 5906
297 5906
298 5630
299 2221
300 5906
301 5906
302 5906
303 5906
304 5906
305 5906
306 5906
307 482
308 5835
309 2221
310 5906
311 5906
312 5906
313 5906
314 5906
315 2221
316 5906
317 5906
318 5906
319 5906
320 5906
321 5835
322 5906
323 2221
324 5906
325 5906
326 5351
327 415
328 5906
329 2221
330 5521
331 2221
332 5351
333 5906
334 5906
335 2221
336 5906
337 5906
338 5906
339 5906
340 2221
341 122
342 5906
343 5906
344 5906
345 5906
346 2221
347 2221
348 5906
349 5906
350 5906
351 5276
352 5906
353 216
354 2221
355 5906
356 5906
357 5906
358 5906
359 2221
360 2221
361 5906
362 5906
363 5906
364 5906
365 5906
366 5906
367 2221
368 156
369 5906
370 5906
371 2221
372 2221
373 2221
374 5906
375 2221
376 5553
377 5906
378 482
379 5906
380 5906
381 5492
382 2221
383 2221
384 5906
385 5906
386 58
387 5906
388 2221
389 5906
390 5906
391 2221
392 5906
393 5906
394 216
395 5906
396 415
397 5835
398 5811
399 5906
400 5906
401 2221
402 5906
403 5906
404 2221
405 5351
406 5906
407 5906
408 5906
409 5223
410 5906
411 5906
412 5906
413 5906
414 5340
415 5906
416 5906
417 2221
418 5906
419 5672
420 5906
421 2221
422 5906
423 482
424 5906
425 2221
426 5906
427 5906
428 282
429 5906
430 5906
431 482
432 5906
433 5906
434 5906
435 482
436 5906
437 282
438 5906
439 32
440 5906
441 5906
442 5906
443 5351
444 482
445 5906
446 5906
447 5906
448 5454
449 5906
450 2556
451 5906
452 5906
453 2556
454 5906
455 5906
456 5351
457 2221
458 5906
459 5906
460 2221
461 5203
462 5906
463 5906
464 5906
465 5906
466 5906
467 5906
468 2221
469 2221
470 5906
471 5906
472 156
473 5906
474 415
475 5906
476 5906
477 58
478 5906
479 5906
480 122
481 5906
482 216
483 5906
484 5906
485 5906
486 282
487 5906
488 5906
489 5835
490 2221
491 5906
492 5906
493 2221
494 5906
495 5906
496 5906
497 5906
498 2221
499 2221
500 5906