0 26
1 26
1 25
1 24
1 23
1 22
1 21
1 20
1 19
1 18
1 17
1 16
1 15
2 15
3 15
3 14
3 13
3 12
3 11
3 10
3 9
3 8
3 7
3 6
3 5
3 4
3 3
4 3
5 3
5 4
5 5
5 6
5 7
5 8
5 9
5 10
5 11
5 12
5 13
5 14
5 15
5 16
5 17
5 18
6 18
7 18
8 18
9 18
10 18
11 18
12 18
13 18
14 18
15 18
16 18
17 18
18 18
19 18
19 19
19 20
19 21
19 22
19 23
19 24
19 25
19 26
19 27
19 28
19 29
19 30
19 31
19 32
19 33
19 34
19 35
19 36
19 37
19 38
19 39
18 39
17 39
16 39
15 39
14 39
13 39
12 39
11 39
10 39
9 39
8 39
7 39
6 39
5 39
4 39
4 40
4 41
4 42
4 43
4 44
4 45
4 46
4 47
4 48
5 48
6 48
7 48
8 48
9 48
10 48
11 48
12 48
13 48
14 48
15 48
16 48
17 48
18 48
19 48
20 48
21 48
22 48
23 48
24 48
25 48
26 48
27 48
28 48
29 48
30 48
31 48
31 49
31 50
31 51
31 52
31 53
31 54
31 55
31 56
31 57
31 58
31 59
31 60
31 61
31 62
32 62
33 62
34 62
35 62
36 62
37 62
38 62
39 62
40 62
41 62
42 62
42 63
42 64
42 65
42 66
42 67
42 68
42 69
42 70
43 70
44 70
45 70
46 70
46 71
46 72
46 73
46 74
46 75
46 76
46 77
46 78
46 79
46 80
46 81
46 82
46 83
45 83
44 83
43 83
42 83
41 83
40 83
39 83
38 83
37 83
36 83
35 83
34 83
33 83
32 83
32 82
32 81
32 80
32 79
31 79
30 79
29 79
28 79
27 79
26 79
25 79
24 79
23 79
22 79
21 79
20 79
20 78
20 77
19 77
18 77
17 77
16 77
15 77
15 76
15 75
15 74
15 73
15 72
15 71
15 70
15 69
15 68
15 67
16 67
17 67
18 67
19 67
20 67
21 67
22 67
23 67
24 67
25 67
26 67
27 67
28 67
29 67
30 67
31 67
32 67
33 67
34 67
35 67
36 67
37 67
38 67
39 67
40 67
41 67
42 67
43 67
44 67
45 67
46 67
47 67
48 67
49 67
50 67
51 67
52 67
53 67
54 67
55 67
56 67
57 67
58 67
58 66
58 65
59 65
60 65
61 65
62 65
63 65
64 65
65 65
66 65
67 65
68 65
68 64
68 63
68 62
68 61
68 60
68 59
68 58
68 57
68 56
68 55
68 54
68 53
68 52
68 51
68 50
69 50
70 50
71 50
72 50
73 50
74 50
75 50
76 50
77 50
78 50
79 50
80 50
81 50
81 49
81 48
81 47
81 46
82 46
83 46
83 45
83 44
83 43
83 42
83 41
83 40
83 39
83 38
83 37
83 36
84 36
85 36
86 36
87 36
87 35
87 34
87 33
87 32
87 31
87 30
87 29
87 28
87 27
87 26
87 25
87 24
87 23
87 22
87 21
88 21
89 21
90 21
91 21
92 21
93 21
94 21
94 20
94 19
94 18
94 17
94 16
94 15
94 14
94 13
94 12
94 11
93 11
92 11
91 11
90 11
89 11
88 11
87 11
86 11
85 11
84 11
83 11
82 11
81 11
80 11
79 11
78 11
77 11
76 11
76 10
75 10
74 10
73 10
72 10
71 10
70 10
69 10
68 10
67 10
66 10
65 10
64 10
63 10
62 10
61 10
60 10
59 10
58 10
57 10
57 11
57 12
57 13
57 14
57 15
57 16
57 17
57 18
57 19
57 20
57 21
57 22
57 23
57 24
57 25
57 26
57 27
57 28
57 29
57 30
57 31
57 32
57 33
57 34
57 35
57 36
57 37
57 38
57 39
57 40
57 41
57 42
57 43
57 44
57 45
56 45
55 45
54 45
53 45
52 45
51 45
50 45
49 45
48 45
48 46
48 47
48 48
48 49
48 50
48 51
48 52
48 53
48 54
48 55
49 55
50 55
51 55
52 55
53 55
54 55
55 55
56 55
57 55
58 55
59 55
60 55
61 55
62 55
63 55
64 55
65 55
66 55
67 55
68 55
69 55
70 55
71 55
72 55
73 55
74 55
75 55
76 55
77 55
78 55
79 55
80 55
81 55
82 55
83 55
84 55
85 55
86 55
87 55
88 55
89 55
89 54
89 53
89 52
89 51
89 50
89 49
89 48
89 47
89 46
89 45
89 44
89 43
90 43
91 43
92 43
93 43
94 43
95 43
96 43
97 43
98 43
99 43