0 194
1 194
1 193
1 192
1 191
1 190
1 189
1 188
1 187
1 186
1 185
1 184
1 183
1 182
1 181
1 180
1 179
1 178
1 177
1 176
1 175
1 174
1 173
1 172
1 171
1 170
1 169
1 168
1 167
1 166
1 165
1 164
1 163
1 162
1 161
1 160
1 159
1 158
1 157
1 156
1 155
1 154
1 153
1 152
1 151
1 150
1 149
1 148
1 147
1 146
1 145
1 144
1 143
1 142
1 141
1 140
1 139
1 138
1 137
1 136
1 135
1 134
1 133
1 132
1 131
1 130
1 129
2 129
3 129
4 129
5 129
6 129
7 129
8 129
9 129
10 129
11 129
12 129
13 129
14 129
15 129
16 129
17 129
18 129
19 129
20 129
21 129
22 129
23 129
24 129
25 129
26 129
27 129
28 129
29 129
30 129
31 129
32 129
33 129
34 129
35 129
36 129
37 129
38 129
39 129
40 129
41 129
42 129
43 129
44 129
45 129
46 129
47 129
48 129
49 129
50 129
51 129
52 129
53 129
54 129
55 129
56 129
57 129
58 129
59 129
60 129
61 129
62 129
63 129
64 129
65 129
66 129
67 129
68 129
69 129
70 129
71 129
72 129
73 129
74 129
75 129
76 129
77 129
78 129
79 129
80 129
81 129
82 129
83 129
84 129
85 129
86 129
87 129
88 129
89 129
90 129
91 129
92 129
93 129
94 129
95 129
96 129
97 129
98 129
99 129
100 129
101 129
102 129
103 129
104 129
105 129
106 129
107 129
108 129
109 129
110 129
111 129
112 129
113 129
114 129
115 129
116 129
117 129
118 129
119 129
120 129
121 129
122 129
123 129
124 129
125 129
126 129
127 129
128 129
129 129
130 129
131 129
132 129
133 129
134 129
135 129
136 129
137 129
138 129
139 129
140 129
141 129
142 129
143 129
144 129
145 129
146 129
147 129
148 129
149 129
150 129
151 129
152 129
153 129
154 129
155 129
156 129
157 129
158 129
159 129
160 129
161 129
162 129
163 129
164 129
165 129
166 129
167 129
168 129
169 129
170 129
171 129
172 129
173 129
174 129
174 128
174 127
174 126
174 125
174 124
174 123
174 122
174 121
174 120
174 119
174 118
174 117
174 116
174 115
174 114
174 113
174 112
174 111
174 110
174 109
174 108
174 107
174 106
174 105
174 104
174 103
174 102
174 101
174 100
174 99
174 98
174 97
174 96
174 95
174 94
174 93
174 92
174 91
174 90
174 89
174 88
174 87
174 86
174 85
174 84
174 83
174 82
174 81
174 80
174 79
174 78
174 77
174 76
174 75
174 74
174 73
174 72
174 71
174 70
174 69
174 68
174 67
174 66
174 65
174 64
174 63
174 62
174 61
174 60
174 59
174 58
174 57
174 56
174 55
174 54
174 53
174 52
174 51
174 50
174 49
174 48
174 47
174 46
174 45
174 44
174 43
174 42
175 42
176 42
177 42
178 42
179 42
180 42
181 42
182 42
183 42
184 42
185 42
186 42
187 42
188 42
189 42
190 42
191 42
192 42
193 42
194 42
195 42
196 42
197 42
198 42
199 42
200 42
201 42
202 42
203 42
204 42
205 42
206 42
207 42
208 42
209 42
210 42
211 42
212 42
213 42
214 42
215 42
216 42
217 42
218 42
219 42
220 42
221 42
222 42
223 42
224 42
225 42
226 42
227 42
228 42
229 42
230 42
231 42
232 42
233 42
234 42
235 42
236 42
237 42
238 42
239 42
240 42
241 42
242 42
243 42
244 42
245 42
246 42
247 42
248 42
249 42
250 42
251 42
252 42
253 42
254 42
255 42
256 42
257 42
258 42
259 42
260 42
261 42
262 42
263 42
264 42
265 42
266 42
267 42
268 42
269 42
270 42
271 42
272 42
273 42
274 42
275 42
276 42
277 42
278 42
279 42
280 42
281 42
282 42
283 42
284 42
285 42
286 42
287 42
288 42
289 42
290 42
291 42
292 42
293 42
294 42
295 42
296 42
297 42
298 42
299 42
300 42
301 42
302 42
303 42
304 42
305 42
306 42
307 42
308 42
309 42
310 42
311 42
312 42
313 42
314 42
315 42
316 42
317 42
318 42
319 42
320 42
321 42
322 42
323 42
324 42
325 42
326 42
327 42
328 42
329 42
330 42
331 42
332 42
333 42
334 42
335 42
336 42
337 42
338 42
339 42
340 42
341 42
342 42
343 42
344 42
345 42
346 42
347 42
348 42
349 42
350 42
351 42
352 42
353 42
354 42
355 42
356 42
357 42
358 42
359 42
360 42
361 42
362 42
363 42
364 42
365 42
366 42
367 42
368 42
369 42
370 42
371 42
372 42
373 42
374 42
375 42
376 42
377 42
378 42
379 42
380 42
381 42
382 42
383 42
384 42
385 42
386 42
387 42
388 42
389 42
390 42
391 42
392 42
393 42
394 42
395 42
396 42
397 42
398 42
399 42
400 42
401 42
402 42
403 42
404 42
405 42
406 42
407 42
408 42
409 42
410 42
411 42
412 42
413 42
414 42
415 42
416 42
417 42
418 42
419 42
420 42
421 42
422 42
423 42
424 42
425 42
426 42
427 42
428 42
429 42
430 42
431 42
432 42
433 42
434 42
435 42
436 42
437 42
438 42
439 42
440 42
441 42
442 42
443 42
444 42
445 42
446 42
447 42
448 42
449 42
450 42
451 42
452 42
453 42
454 42
455 42
456 42
457 42
458 42
459 42
460 42
461 42
462 42
463 42
464 42
465 42
466 42
467 42
468 42
469 42
470 42
471 42
472 42
473 42
474 42
475 42
476 42
477 42
478 42
479 42
480 42
481 42
482 42
483 42
484 42
485 42
486 42
487 42
488 42
489 42
490 42
491 42
492 42
493 42
494 42
495 42
496 42
497 42
498 42
499 42
500 42
501 42
502 42
503 42
504 42
505 42
506 42
507 42
508 42
509 42
510 42
511 42
512 42
513 42
514 42
515 42
516 42
517 42
518 42
519 42
520 42
521 42
522 42
523 42
524 42
525 42
526 42
527 42
528 42
529 42
530 42
531 42
532 42
533 42
534 42
535 42
536 42
537 42
538 42
539 42
540 42
541 42
542 42
543 42
544 42
545 42
546 42
547 42
548 42
549 42
550 42
551 42
552 42
553 42
554 42
555 42
556 42
557 42
558 42
559 42
560 42
561 42
562 42
563 42
564 42
565 42
566 42
567 42
568 42
569 42
570 42
571 42
572 42
573 42
574 42
575 42
576 42
577 42
578 42
579 42
580 42
581 42
582 42
583 42
584 42
585 42
586 42
587 42
588 42
589 42
590 42
591 42
592 42
593 42
594 42
595 42
596 42
597 42
598 42
599 42
600 42
601 42
602 42
603 42
604 42
605 42
606 42
607 42
608 42
609 42
610 42
611 42
612 42
613 42
614 42
615 42
616 42
617 42
618 42
619 42
620 42
621 42
622 42
623 42
624 42
625 42
626 42
627 42
628 42
629 42
630 42
631 42
632 42
633 42
634 42
635 42
636 42
637 42
638 42
639 42
640 42
641 42
642 42
643 42
644 42
645 42
646 42
647 42
648 42
649 42
650 42
651 42
652 42
653 42
654 42
655 42
656 42
657 42
658 42
659 42
660 42
661 42
662 42
663 42
664 42
665 42
666 42
667 42
668 42
669 42
670 42
671 42
672 42
673 42
674 42
675 42
676 42
677 42
678 42
679 42
680 42
681 42
682 42
683 42
684 42
685 42
686 42
687 42
688 42
689 42
690 42
691 42
692 42
693 42
694 42
695 42
696 42
697 42
698 42
699 42
700 42
701 42
702 42
703 42
704 42
705 42
706 42
707 42
708 42
709 42
710 42
711 42
712 42
713 42
714 42
715 42
716 42
717 42
718 42
719 42
720 42
721 42
722 42
723 42
724 42
725 42
726 42
727 42
728 42
729 42
730 42
731 42
732 42
733 42
734 42
735 42
736 42
737 42
738 42
739 42
740 42
741 42
742 42
743 42
744 42
745 42
746 42
747 42
748 42
749 42
750 42
751 42
752 42
753 42
754 42
755 42
756 42
757 42
758 42
759 42
760 42
761 42
762 42
763 42
764 42
765 42
766 42
767 42
768 42
769 42
770 42
771 42
772 42
773 42
774 42
775 42
776 42
777 42
778 42
779 42
780 42
781 42
782 42
783 42
784 42
785 42
786 42
787 42
788 42
789 42
790 42
791 42
792 42
793 42
794 42
795 42
796 42
797 42
798 42
799 42
800 42
801 42
802 42
803 42
804 42
805 42
806 42
807 42
808 42
809 42
810 42
811 42
812 42
813 42
814 42
815 42
816 42
817 42
818 42
819 42
820 42
821 42
822 42
823 42
824 42
825 42
826 42
827 42
828 42
829 42
830 42
831 42
832 42
833 42
834 42
835 42
836 42
837 42
838 42
839 42
840 42
841 42
842 42
843 42
844 42
845 42
846 42
847 42
848 42
849 42
850 42
851 42
852 42
853 42
854 42
855 42
856 42
857 42
858 42
859 42
860 42
861 42
862 42
863 42
864 42
865 42
866 42
866 43
866 44
866 45
866 46
866 47
866 48
866 49
866 50
866 51
866 52
866 53
866 54
866 55
866 56
866 57
866 58
866 59
866 60
866 61
866 62
866 63
866 64
866 65
866 66
866 67
866 68
866 69
866 70
866 71
866 72
866 73
866 74
866 75
866 76
866 77
866 78
866 79
866 80
866 81
866 82
866 83
866 84
866 85
866 86
866 87
866 88
866 89
866 90
866 91
866 92
866 93
866 94
866 95
866 96
866 97
866 98
866 99
866 100
866 101
866 102
866 103
866 104
866 105
866 106
866 107
866 108
866 109
866 110
866 111
866 112
866 113
866 114
866 115
866 116
866 117
866 118
866 119
866 120
866 121
866 122
866 123
866 124
866 125
866 126
866 127
866 128
866 129
866 130
866 131
866 132
866 133
866 134
866 135
866 136
866 137
866 138
866 139
866 140
866 141
866 142
866 143
866 144
866 145
866 146
866 147
866 148
866 149
866 150
866 151
866 152
866 153
866 154
866 155
866 156
866 157
866 158
866 159
867 159
868 159
869 159
870 159
871 159
872 159
873 159
874 159
875 159
876 159
877 159
878 159
879 159
880 159
881 159
882 159
883 159
884 159
885 159
886 159
887 159
888 159
889 159
890 159
891 159
892 159
893 159
894 159
895 159
896 159
897 159
898 159
899 159
900 159
901 159
902 159
903 159
904 159
905 159
906 159
907 159
908 159
909 159
910 159
911 159
912 159
913 159
914 159
915 159
916 159
917 159
918 159
919 159
920 159
921 159
922 159
923 159
924 159
925 159
926 159
927 159
928 159
929 159
930 159
931 159
932 159
933 159
934 159
935 159
936 159
937 159
938 159
939 159
940 159
941 159
942 159
943 159
944 159
945 159
946 159
947 159
948 159
949 159
950 159
951 159
952 159
953 159
954 159
955 159
956 159
957 159
958 159
959 159
960 159
961 159
962 159
963 159
964 159
965 159
966 159
967 159
968 159
969 159
970 159
971 159
972 159
973 159
974 159
975 159
976 159
977 159
978 159
978 160
978 161
978 162
978 163
978 164
978 165
978 166
978 167
978 168
978 169
978 170
978 171
978 172
978 173
978 174
978 175
978 176
978 177
978 178
978 179
978 180
978 181
978 182
978 183
978 184
978 185
978 186
978 187
978 188
978 189
978 190
978 191
978 192
978 193
978 194
978 195
978 196
978 197
978 198
978 199
978 200
978 201
978 202
978 203
978 204
978 205
978 206
978 207
978 208
978 209
978 210
978 211
978 212
978 213
978 214
978 215
978 216
978 217
978 218
978 219
978 220
978 221
978 222
978 223
978 224
978 225
978 226
978 227
978 228
978 229
978 230
978 231
978 232
978 233
978 234
978 235
978 236
978 237
978 238
978 239
978 240
978 241
978 242
978 243
978 244
978 245
978 246
978 247
978 248
978 249
978 250
978 251
978 252
978 253
978 254
978 255
978 256
978 257
978 258
978 259
978 260
978 261
978 262
978 263
978 264
978 265
978 266
978 267
978 268
978 269
978 270
978 271
978 272
978 273
978 274
978 275
978 276
978 277
978 278
978 279
978 280
978 281
978 282
978 283
978 284
978 285
978 286
978 287
978 288
978 289
978 290
978 291
978 292
978 293
978 294
978 295
978 296
978 297
978 298
978 299
978 300
978 301
978 302
978 303
978 304
978 305
978 306
978 307
978 308
978 309
978 310
978 311
978 312
978 313
978 314
978 315
978 316
978 317
978 318
978 319
978 320
978 321
978 322
978 323
978 324
978 325
978 326
978 327
978 328
978 329
978 330
978 331
978 332
978 333
978 334
978 335
978 336
978 337
978 338
978 339
978 340
978 341
978 342
978 343
978 344
978 345
978 346
978 347
978 348
978 349
978 350
978 351
978 352
978 353
978 354
978 355
978 356
978 357
978 358
978 359
978 360
978 361
978 362
978 363
978 364
978 365
978 366
978 367
978 368
978 369
978 370
978 371
978 372
978 373
978 374
978 375
978 376
978 377
978 378
978 379
978 380
978 381
978 382
978 383
978 384
978 385
978 386
978 387
978 388
978 389
978 390
978 391
978 392
978 393
978 394
978 395
977 395
976 395
975 395
974 395
973 395
972 395
971 395
970 395
969 395
968 395
967 395
966 395
965 395
965 396
965 397
965 398
965 399
964 399
963 399
962 399
961 399
960 399
959 399
958 399
957 399
956 399
955 399
954 399
953 399
952 399
951 399
950 399
949 399
948 399
947 399
946 399
945 399
944 399
943 399
942 399
941 399
940 399
939 399
938 399
937 399
936 399
935 399
934 399
933 399
932 399
931 399
930 399
929 399
928 399
927 399
926 399
925 399
924 399
923 399
922 399
921 399
920 399
919 399
918 399
917 399
916 399
915 399
914 399
913 399
912 399
911 399
911 400
911 401
911 402
911 403
911 404
911 405
911 406
911 407
911 408
911 409
911 410
911 411
911 412
911 413
911 414
911 415
911 416
911 417
911 418
911 419
911 420
911 421
911 422
911 423
911 424
911 425
911 426
911 427
911 428
911 429
911 430
911 431
911 432
911 433
911 434
911 435
911 436
911 437
911 438
911 439
911 440
911 441
911 442
911 443
911 444
911 445
911 446
911 447
911 448
911 449
911 450
911 451
911 452
911 453
911 454
911 455
911 456
911 457
911 458
911 459
911 460
911 461
911 462
911 463
911 464
911 465
911 466
911 467
911 468
910 468
909 468
908 468
907 468
906 468
905 468
904 468
903 468
902 468
901 468
900 468
899 468
898 468
897 468
896 468
895 468
894 468
893 468
892 468
891 468
890 468
889 468
888 468
887 468
886 468
885 468
884 468
883 468
882 468
881 468
880 468
879 468
878 468
877 468
876 468
875 468
874 468
873 468
872 468
871 468
870 468
869 468
868 468
867 468
866 468
865 468
864 468
863 468
862 468
861 468
860 468
859 468
858 468
857 468
856 468
855 468
854 468
853 468
852 468
851 468
850 468
849 468
848 468
847 468
846 468
845 468
844 468
843 468
842 468
841 468
840 468
840 469
840 470
840 471
840 472
840 473
840 474
840 475
840 476
840 477
840 478
840 479
840 480
840 481
840 482
840 483
840 484
840 485
840 486
840 487
840 488
840 489
840 490
840 491
840 492
840 493
840 494
840 495
840 496
840 497
840 498
840 499
840 500
840 501
840 502
840 503
840 504
840 505
840 506
840 507
840 508
840 509
840 510
840 511
840 512
840 513
840 514
840 515
840 516
840 517
840 518
840 519
840 520
840 521
840 522
840 523
840 524
840 525
840 526
840 527
840 528
840 529
840 530
840 531
840 532
840 533
840 534
840 535
840 536
840 537
840 538
840 539
840 540
840 541
840 542
840 543
840 544
840 545
840 546
840 547
840 548
840 549
840 550
840 551
840 552
840 553
840 554
840 555
840 556
840 557
840 558
840 559
840 560
840 561
840 562
840 563
840 564
840 565
840 566
840 567
840 568
840 569
840 570
840 571
840 572
840 573
840 574
840 575
840 576
840 577
840 578
840 579
840 580
840 581
840 582
840 583
840 584
840 585
840 586
840 587
840 588
840 589
840 590
840 591
840 592
840 593
840 594
840 595
840 596
840 597
840 598
840 599
840 600
840 601
840 602
840 603
840 604
840 605
840 606
840 607
840 608
840 609
840 610
840 611
840 612
840 613
840 614
840 615
840 616
840 617
840 618
840 619
840 620
840 621
840 622
840 623
840 624
840 625
840 626
840 627
840 628
840 629
840 630
840 631
840 632
840 633
840 634
840 635
840 636
840 637
840 638
841 638
842 638
843 638
844 638
845 638
846 638
847 638
848 638
849 638
850 638
851 638
852 638
853 638
854 638
855 638
856 638
857 638
858 638
859 638
860 638
861 638
862 638
863 638
864 638
865 638
866 638
867 638
868 638
869 638
870 638
871 638
872 638
873 638
874 638
875 638
876 638
877 638
878 638
879 638
880 638
881 638
882 638
883 638
884 638
885 638
886 638
887 638
888 638
889 638
890 638
890 639
890 640
890 641
890 642
890 643
890 644
890 645
890 646
890 647
890 648
890 649
890 650
890 651
890 652
890 653
890 654
890 655
890 656
890 657
890 658
890 659
890 660
890 661
890 662
890 663
890 664
890 665
890 666
890 667
890 668
890 669
890 670
890 671
890 672
890 673
890 674
890 675
890 676
890 677
890 678
890 679
890 680
890 681
890 682
890 683
890 684
890 685
890 686
890 687
890 688
890 689
890 690
890 691
890 692
890 693
890 694
890 695
890 696
890 697
890 698
890 699
890 700
890 701
890 702
890 703
890 704
890 705
890 706
890 707
890 708
890 709
890 710
890 711
890 712
890 713
890 714
890 715
890 716
890 717
890 718
890 719
890 720
890 721
890 722
890 723
890 724
890 725
890 726
890 727
890 728
890 729
890 730
890 731
890 732
890 733
890 734
890 735
890 736
890 737
890 738
890 739
890 740
890 741
890 742
890 743
890 744
890 745
890 746
890 747
890 748
890 749
890 750
890 751
890 752
890 753
890 754
890 755
890 756
890 757
890 758
890 759
890 760
890 761
890 762
890 763
890 764
890 765
890 766
890 767
890 768
890 769
890 770
890 771
890 772
890 773
890 774
890 775
890 776
890 777
890 778
890 779
890 780
890 781
890 782
890 783
890 784
890 785
890 786
890 787
890 788
890 789
890 790
890 791
890 792
890 793
890 794
890 795
890 796
890 797
890 798
890 799
890 800
890 801
890 802
890 803
890 804
890 805
890 806
890 807
890 808
890 809
890 810
890 811
890 812
890 813
890 814
890 815
890 816
890 817
890 818
890 819
890 820
890 821
890 822
890 823
890 824
890 825
890 826
890 827
890 828
890 829
890 830
890 831
889 831
888 831
887 831
886 831
885 831
884 831
883 831
882 831
881 831
880 831
879 831
878 831
877 831
876 831
875 831
874 831
873 831
872 831
871 831
870 831
869 831
868 831
867 831
866 831
865 831
864 831
863 831
862 831
861 831
860 831
859 831
858 831
857 831
856 831
855 831
854 831
853 831
852 831
851 831
850 831
849 831
848 831
847 831
846 831
845 831
844 831
843 831
842 831
841 831
840 831
839 831
838 831
837 831
836 831
835 831
834 831
833 831
832 831
831 831
830 831
829 831
828 831
827 831
826 831
825 831
824 831
823 831
822 831
821 831
820 831
819 831
818 831
817 831
816 831
815 831
814 831
813 831
812 831
811 831
810 831
809 831
808 831
807 831
806 831
805 831
804 831
803 831
802 831
801 831
800 831
799 831
798 831
797 831
796 831
795 831
794 831
793 831
792 831
791 831
790 831
789 831
788 831
787 831
786 831
785 831
784 831
783 831
782 831
781 831
780 831
779 831
778 831
777 831
776 831
775 831
774 831
773 831
772 831
771 831
770 831
769 831
768 831
767 831
766 831
765 831
764 831
763 831
762 831
761 831
760 831
759 831
758 831
757 831
756 831
755 831
754 831
753 831
752 831
751 831
750 831
749 831
748 831
747 831
746 831
745 831
744 831
743 831
742 831
741 831
740 831
739 831
738 831
737 831
736 831
735 831
734 831
733 831
732 831
731 831
730 831
729 831
728 831
727 831
726 831
725 831
724 831
723 831
722 831
721 831
720 831
719 831
718 831
717 831
716 831
715 831
714 831
713 831
712 831
711 831
710 831
709 831
708 831
707 831
706 831
705 831
704 831
703 831
702 831
701 831
700 831
699 831
698 831
697 831
696 831
695 831
694 831
693 831
692 831
691 831
690 831
689 831
688 831
687 831
686 831
685 831
684 831
683 831
682 831
681 831
680 831
679 831
678 831
677 831
676 831
675 831
674 831
673 831
672 831
671 831
670 831
669 831
668 831
667 831
666 831
665 831
664 831
663 831
662 831
661 831
660 831
659 831
658 831
657 831
656 831
655 831
654 831
653 831
652 831
651 831
650 831
649 831
648 831
647 831
646 831
645 831
644 831
643 831
642 831
641 831
640 831
639 831
638 831
637 831
636 831
635 831
634 831
633 831
632 831
631 831
630 831
629 831
628 831
627 831
626 831
625 831
624 831
623 831
622 831
621 831
620 831
619 831
618 831
617 831
616 831
615 831
614 831
613 831
612 831
611 831
610 831
609 831
608 831
607 831
606 831
605 831
604 831
603 831
602 831
601 831
600 831
599 831
598 831
597 831
596 831
595 831
594 831
593 831
592 831
591 831
590 831
589 831
588 831
587 831
586 831
585 831
584 831
583 831
582 831
581 831
580 831
579 831
578 831
577 831
576 831
575 831
574 831
573 831
572 831
571 831
570 831
569 831
568 831
567 831
566 831
565 831
564 831
563 831
562 831
561 831
561 830
561 829
561 828
561 827
561 826
561 825
561 824
561 823
561 822
561 821
561 820
561 819
561 818
561 817
561 816
561 815
561 814
561 813
561 812
561 811
561 810
561 809
561 808
561 807
560 807
559 807
558 807
557 807
556 807
555 807
554 807
553 807
552 807
551 807
550 807
549 807
548 807
547 807
546 807
545 807
544 807
543 807
542 807
541 807
540 807
539 807
538 807
537 807
536 807
535 807
534 807
533 807
532 807
531 807
530 807
529 807
528 807
527 807
526 807
525 807
524 807
523 807
522 807
521 807
520 807
519 807
518 807
517 807
516 807
515 807
514 807
513 807
512 807
511 807
510 807
509 807
508 807
507 807
506 807
505 807
504 807
503 807
502 807
501 807
500 807
499 807
498 807
497 807
496 807
495 807
494 807
493 807
492 807
491 807
490 807
489 807
488 807
487 807
486 807
485 807
484 807
483 807
482 807
481 807
480 807
479 807
478 807
477 807
476 807
475 807
474 807
473 807
472 807
471 807
470 807
469 807
468 807
467 807
466 807
465 807
464 807
463 807
462 807
461 807
460 807
459 807
458 807
457 807
456 807
455 807
454 807
453 807
452 807
451 807
450 807
449 807
448 807
448 806
448 805
448 804
448 803
448 802
448 801
448 800
448 799
448 798
448 797
448 796
448 795
448 794
448 793
448 792
448 791
448 790
448 789
448 788
448 787
448 786
448 785
448 784
448 783
448 782
448 781
448 780
448 779
448 778
448 777
448 776
448 775
448 774
448 773
448 772
448 771
448 770
448 769
448 768
448 767
448 766
448 765
448 764
448 763
448 762
448 761
448 760
448 759
448 758
448 757
448 756
448 755
448 754
448 753
448 752
448 751
448 750
448 749
448 748
448 747
447 747
446 747
445 747
444 747
443 747
442 747
441 747
440 747
439 747
438 747
437 747
436 747
435 747
434 747
433 747
432 747
431 747
430 747
429 747
428 747
427 747
426 747
425 747
424 747
423 747
422 747
421 747
420 747
419 747
418 747
417 747
416 747
415 747
414 747
413 747
412 747
411 747
410 747
409 747
408 747
407 747
406 747
405 747
404 747
403 747
402 747
401 747
400 747
399 747
398 747
397 747
396 747
395 747
394 747
393 747
392 747
391 747
390 747
389 747
388 747
387 747
386 747
385 747
384 747
383 747
382 747
381 747
380 747
379 747
378 747
377 747
376 747
375 747
374 747
373 747
372 747
371 747
370 747
369 747
368 747
367 747
366 747
365 747
364 747
363 747
362 747
361 747
360 747
359 747
358 747
357 747
356 747
355 747
354 747
353 747
352 747
351 747
350 747
349 747
348 747
347 747
346 747
345 747
344 747
343 747
342 747
341 747
340 747
339 747
338 747
337 747
336 747
335 747
334 747
333 747
332 747
331 747
330 747
329 747
328 747
327 747
326 747
325 747
324 747
323 747
322 747
321 747
320 747
319 747
318 747
317 747
316 747
315 747
314 747
313 747
312 747
311 747
310 747
309 747
308 747
307 747
306 747
305 747
304 747
303 747
302 747
301 747
300 747
299 747
298 747
297 747
296 747
295 747
294 747
293 747
292 747
291 747
290 747
289 747
288 747
287 747
286 747
285 747
284 747
283 747
282 747
281 747
280 747
279 747
278 747
277 747
276 747
275 747
274 747
273 747
272 747
271 747
270 747
269 747
268 747
267 747
266 747
265 747
264 747
263 747
262 747
261 747
260 747
259 747
258 747
257 747
256 747
255 747
254 747
253 747
252 747
251 747
250 747
249 747
248 747
247 747
246 747
245 747
244 747
243 747
242 747
241 747
240 747
239 747
238 747
237 747
236 747
235 747
234 747
233 747
232 747
231 747
230 747
229 747
228 747
227 747
226 747
225 747
225 746
225 745
225 744
225 743
225 742
225 741
225 740
225 739
225 738
225 737
225 736
225 735
225 734
225 733
225 732
225 731
225 730
225 729
225 728
225 727
225 726
224 726
223 726
222 726
221 726
220 726
219 726
218 726
217 726
216 726
215 726
214 726
213 726
212 726
211 726
210 726
209 726
208 726
207 726
206 726
205 726
204 726
203 726
202 726
201 726
200 726
199 726
198 726
197 726
196 726
195 726
194 726
193 726
192 726
191 726
190 726
189 726
188 726
187 726
186 726
185 726
184 726
183 726
182 726
181 726
180 726
179 726
178 726
177 726
176 726
175 726
174 726
173 726
172 726
171 726
170 726
169 726
168 726
167 726
166 726
165 726
164 726
163 726
162 726
161 726
160 726
160 725
160 724
160 723
160 722
160 721
160 720
160 719
160 718
160 717
160 716
160 715
160 714
160 713
160 712
160 711
160 710
160 709
160 708
160 707
160 706
160 705
160 704
160 703
160 702
160 701
160 700
160 699
160 698
160 697
160 696
160 695
160 694
160 693
160 692
160 691
160 690
160 689
160 688
160 687
160 686
160 685
160 684
160 683
160 682
160 681
160 680
160 679
160 678
160 677
160 676
160 675
160 674
160 673
160 672
160 671
160 670
160 669
160 668
160 667
160 666
160 665
160 664
160 663
160 662
160 661
160 660
160 659
160 658
160 657
160 656
160 655
160 654
160 653
160 652
160 651
160 650
160 649
160 648
160 647
160 646
160 645
160 644
160 643
160 642
160 641
160 640
160 639
160 638
160 637
160 636
160 635
160 634
160 633
160 632
160 631
160 630
160 629
160 628
160 627
160 626
160 625
160 624
160 623
160 622
160 621
160 620
160 619
160 618
160 617
160 616
160 615
160 614
160 613
160 612
160 611
160 610
160 609
160 608
160 607
160 606
160 605
160 604
160 603
160 602
160 601
160 600
160 599
160 598
160 597
160 596
160 595
160 594
160 593
160 592
160 591
160 590
160 589
160 588
160 587
160 586
160 585
160 584
160 583
160 582
160 581
160 580
160 579
160 578
160 577
160 576
160 575
160 574
160 573
160 572
160 571
160 570
160 569
160 568
160 567
160 566
160 565
160 564
160 563
160 562
160 561
160 560
160 559
160 558
160 557
160 556
160 555
160 554
160 553
160 552
160 551
160 550
160 549
160 548
160 547
160 546
160 545
160 544
160 543
160 542
160 541
160 540
160 539
160 538
160 537
160 536
160 535
160 534
160 533
160 532
160 531
160 530
160 529
160 528
160 527
160 526
160 525
160 524
160 523
160 522
160 521
160 520
160 519
160 518
160 517
160 516
160 515
160 514
160 513
160 512
160 511
160 510
160 509
160 508
160 507
160 506
160 505
160 504
160 503
160 502
160 501
160 500
160 499
160 498
160 497
160 496
160 495
160 494
160 493
160 492
160 491
160 490
160 489
160 488
160 487
160 486
160 485
160 484
160 483
160 482
160 481
160 480
160 479
160 478
160 477
160 476
160 475
160 474
160 473
160 472
159 472
158 472
157 472
156 472
155 472
154 472
153 472
152 472
151 472
150 472
149 472
148 472
147 472
146 472
145 472
144 472
143 472
142 472
141 472
140 472
139 472
138 472
137 472
136 472
135 472
134 472
133 472
132 472
131 472
130 472
129 472
128 472
127 472
126 472
125 472
124 472
123 472
122 472
121 472
120 472
119 472
118 472
117 472
116 472
115 472
114 472
113 472
112 472
111 472
110 472
109 472
108 472
107 472
106 472
105 472
104 472
103 472
102 472
101 472
100 472
99 472
98 472
97 472
96 472
95 472
94 472
93 472
92 472
91 472
90 472
89 472
88 472
87 472
86 472
85 472
84 472
83 472
82 472
81 472
80 472
79 472
78 472
77 472
76 472
75 472
74 472
73 472
72 472
71 472
70 472
69 472
68 472
67 472
66 472
65 472
64 472
63 472
62 472
61 472
60 472
59 472
58 472
57 472
56 472
55 472
54 472
53 472
52 472
51 472
50 472
49 472
48 472
47 472
46 472
45 472
44 472
43 472
42 472
41 472
40 472
39 472
38 472
37 472
36 472
35 472
34 472
33 472
32 472
31 472
30 472
29 472
28 472
27 472
26 472
25 472
24 472
23 472
22 472
21 472
20 472
19 472
18 472
17 472
16 472
15 472
14 472
13 472
12 472
12 471
12 470
12 469
12 468
12 467
12 466
12 465
12 464
12 463
12 462
12 461
12 460
12 459
12 458
12 457
12 456
12 455
12 454
12 453
12 452
12 451
12 450
12 449
12 448
12 447
12 446
12 445
12 444
12 443
12 442
12 441
12 440
12 439
12 438
12 437
12 436
12 435
12 434
12 433
12 432
12 431
12 430
12 429
12 428
12 427
12 426
12 425
12 424
12 423
12 422
12 421
12 420
12 419
12 418
12 417
12 416
12 415
12 414
12 413
12 412
12 411
12 410
12 409
12 408
12 407
12 406
12 405
12 404
12 403
12 402
12 401
12 400
12 399
12 398
12 397
12 396
12 395
12 394
12 393
12 392
12 391
12 390
12 389
12 388
12 387
12 386
12 385
12 384
12 383
12 382
12 381
12 380
12 379
12 378
12 377
12 376
12 375
12 374
12 373
12 372
12 371
12 370
12 369
12 368
12 367
12 366
12 365
12 364
12 363
12 362
12 361
12 360
12 359
12 358
12 357
12 356
12 355
12 354
12 353
12 352
12 351
12 350
13 350
14 350
15 350
16 350
17 350
18 350
19 350
20 350
21 350
22 350
23 350
24 350
25 350
26 350
27 350
28 350
29 350
30 350
31 350
32 350
33 350
34 350
35 350
36 350
37 350
38 350
39 350
40 350
41 350
42 350
43 350
44 350
45 350
46 350
47 350
48 350
49 350
50 350
51 350
52 350
53 350
54 350
55 350
56 350
57 350
58 350
59 350
60 350
61 350
62 350
63 350
64 350
65 350
66 350
67 350
68 350
69 350
70 350
71 350
72 350
73 350
74 350
75 350
76 350
77 350
78 350
79 350
80 350
81 350
82 350
83 350
84 350
85 350
86 350
87 350
88 350
89 350
90 350
91 350
92 350
93 350
94 350
95 350
96 350
97 350
98 350
99 350
100 350
101 350
102 350
103 350
104 350
105 350
106 350
107 350
108 350
109 350
110 350
111 350
112 350
113 350
114 350
115 350
115 349
115 348
115 347
115 346
115 345
115 344
115 343
115 342
115 341
115 340
115 339
115 338
115 337
115 336
115 335
115 334
115 333
115 332
115 331
115 330
115 329
115 328
115 327
115 326
115 325
115 324
115 323
115 322
115 321
115 320
115 319
115 318
115 317
115 316
115 315
115 314
115 313
115 312
115 311
115 310
115 309
114 309
113 309
112 309
111 309
110 309
109 309
108 309
107 309
106 309
105 309
104 309
103 309
102 309
101 309
100 309
99 309
98 309
97 309
96 309
95 309
94 309
93 309
92 309
91 309
90 309
89 309
88 309
87 309
86 309
85 309
84 309
83 309
82 309
81 309
80 309
79 309
78 309
77 309
76 309
75 309
74 309
73 309
72 309
71 309
70 309
69 309
68 309
67 309
66 309
65 309
64 309
63 309
62 309
61 309
60 309
59 309
58 309
57 309
56 309
55 309
54 309
53 309
52 309
51 309
50 309
49 309
48 309
47 309
46 309
45 309
44 309
43 309
42 309
41 309
40 309
39 309
38 309
37 309
36 309
35 309
34 309
33 309
32 309
31 309
30 309
29 309
28 309
27 309
26 309
25 309
24 309
23 309
22 309
21 309
20 309
19 309
18 309
17 309
16 309
15 309
14 309
13 309
12 309
11 309
10 309
9 309
8 309
7 309
6 309
6 310
6 311
6 312
6 313
6 314
6 315
6 316
6 317
6 318
6 319
6 320
6 321
6 322
6 323
6 324
6 325
6 326
6 327
6 328
6 329
6 330
6 331
6 332
6 333
6 334
6 335
6 336
6 337
6 338
6 339
6 340
6 341
6 342
6 343
6 344
6 345
6 346
6 347
6 348
6 349
6 350
6 351
6 352
6 353
6 354
6 355
6 356
6 357
6 358
6 359
6 360
6 361
6 362
6 363
6 364
6 365
6 366
6 367
6 368
6 369
6 370
6 371
6 372
6 373
6 374
6 375
6 376
6 377
6 378
6 379
6 380
6 381
6 382
6 383
6 384
6 385
6 386
6 387
6 388
6 389
6 390
6 391
6 392
6 393
6 394
6 395
6 396
6 397
6 398
6 399
6 400
6 401
6 402
6 403
7 403
8 403
9 403
10 403
11 403
12 403
13 403
14 403
15 403
16 403
17 403
18 403
19 403
20 403
21 403
22 403
23 403
24 403
25 403
26 403
27 403
28 403
29 403
30 403
31 403
32 403
33 403
34 403
35 403
36 403
37 403
38 403
39 403
40 403
41 403
42 403
43 403
44 403
45 403
46 403
47 403
48 403
49 403
50 403
51 403
52 403
53 403
54 403
55 403
56 403
57 403
58 403
59 403
60 403
61 403
62 403
63 403
64 403
65 403
66 403
67 403
68 403
69 403
70 403
71 403
72 403
73 403
74 403
75 403
76 403
77 403
78 403
79 403
80 403
81 403
82 403
83 403
84 403
85 403
86 403
87 403
88 403
89 403
90 403
91 403
92 403
93 403
94 403
95 403
96 403
97 403
98 403
99 403
100 403
101 403
102 403
103 403
104 403
105 403
106 403
107 403
108 403
109 403
110 403
111 403
112 403
113 403
114 403
115 403
116 403
117 403
118 403
119 403
120 403
121 403
122 403
123 403
124 403
125 403
126 403
127 403
128 403
129 403
130 403
131 403
132 403
133 403
134 403
135 403
136 403
137 403
138 403
139 403
140 403
141 403
142 403
143 403
144 403
145 403
146 403
147 403
148 403
149 403
150 403
151 403
152 403
153 403
154 403
155 403
156 403
157 403
158 403
159 403
160 403
161 403
162 403
163 403
164 403
165 403
166 403
167 403
168 403
169 403
170 403
171 403
172 403
173 403
174 403
175 403
176 403
177 403
178 403
179 403
180 403
181 403
182 403
183 403
184 403
185 403
186 403
187 403
188 403
189 403
190 403
191 403
192 403
193 403
194 403
195 403
196 403
197 403
198 403
199 403
200 403
201 403
202 403
203 403
204 403
205 403
206 403
207 403
208 403
209 403
210 403
211 403
212 403
213 403
214 403
215 403
216 403
217 403
218 403
219 403
220 403
221 403
222 403
223 403
224 403
225 403
226 403
227 403
228 403
229 403
230 403
231 403
232 403
233 403
234 403
235 403
236 403
237 403
238 403
239 403
240 403
241 403
242 403
243 403
244 403
245 403
246 403
247 403
248 403
249 403
250 403
251 403
252 403
253 403
254 403
255 403
256 403
257 403
258 403
259 403
260 403
261 403
262 403
263 403
264 403
265 403
266 403
267 403
268 403
269 403
270 403
271 403
272 403
273 403
274 403
275 403
276 403
277 403
278 403
279 403
280 403
281 403
282 403
283 403
284 403
285 403
286 403
287 403
288 403
289 403
290 403
291 403
292 403
293 403
294 403
295 403
296 403
297 403
298 403
299 403
300 403
301 403
302 403
303 403
304 403
305 403
306 403
307 403
308 403
309 403
310 403
311 403
312 403
313 403
314 403
315 403
316 403
317 403
318 403
319 403
320 403
321 403
322 403
323 403
324 403
325 403
326 403
327 403
328 403
329 403
330 403
331 403
332 403
333 403
334 403
335 403
336 403
337 403
338 403
339 403
340 403
341 403
342 403
343 403
344 403
345 403
346 403
347 403
348 403
349 403
350 403
351 403
352 403
353 403
354 403
355 403
356 403
357 403
358 403
359 403
360 403
361 403
362 403
363 403
364 403
365 403
366 403
367 403
368 403
369 403
370 403
371 403
372 403
373 403
374 403
375 403
376 403
377 403
378 403
379 403
380 403
381 403
382 403
383 403
384 403
385 403
386 403
387 403
388 403
389 403
390 403
391 403
392 403
393 403
394 403
395 403
396 403
397 403
398 403
399 403
400 403
401 403
402 403
403 403
404 403
405 403
406 403
407 403
408 403
409 403
410 403
411 403
412 403
413 403
414 403
415 403
416 403
417 403
418 403
419 403
420 403
421 403
422 403
423 403
424 403
425 403
426 403
427 403
428 403
429 403
430 403
431 403
432 403
433 403
434 403
435 403
436 403
437 403
438 403
439 403
439 404
439 405
439 406
439 407
439 408
439 409
439 410
439 411
439 412
439 413
439 414
439 415
439 416
439 417
439 418
439 419
439 420
439 421
439 422
439 423
439 424
439 425
439 426
439 427
439 428
439 429
439 430
439 431
439 432
439 433
439 434
439 435
439 436
439 437
439 438
439 439
439 440
439 441
439 442
439 443
439 444
439 445
439 446
439 447
439 448
439 449
439 450
439 451
439 452
439 453
439 454
439 455
439 456
439 457
439 458
439 459
439 460
439 461
439 462
439 463
439 464
439 465
439 466
439 467
439 468
439 469
439 470
439 471
439 472
439 473
439 474
439 475
439 476
439 477
439 478
439 479
439 480
439 481
439 482
439 483
439 484
440 484
441 484
442 484
443 484
444 484
445 484
446 484
447 484
448 484
449 484
450 484
451 484
452 484
453 484
454 484
455 484
456 484
457 484
458 484
459 484
460 484
461 484
462 484
463 484
464 484
465 484
465 485
465 486
465 487
465 488
465 489
465 490
465 491
465 492
465 493
465 494
465 495
465 496
465 497
465 498
465 499
465 500
465 501
465 502
465 503
465 504
465 505
465 506
465 507
465 508
465 509
465 510
465 511
465 512
465 513
465 514
465 515
465 516
465 517
465 518
465 519
465 520
465 521
465 522
465 523
465 524
465 525
465 526
465 527
465 528
465 529
465 530
465 531
465 532
465 533
465 534
465 535
465 536
465 537
465 538
465 539
465 540
465 541
465 542
465 543
465 544
465 545
465 546
465 547
465 548
465 549
465 550
465 551
465 552
465 553
465 554
465 555
465 556
465 557
465 558
465 559
465 560
465 561
465 562
465 563
465 564
465 565
465 566
465 567
465 568
465 569
465 570
465 571
465 572
465 573
465 574
465 575
465 576
465 577
465 578
465 579
465 580
465 581
465 582
465 583
465 584
465 585
465 586
465 587
465 588
465 589
465 590
465 591
465 592
465 593
465 594
465 595
465 596
465 597
465 598
465 599
465 600
465 601
465 602
465 603
465 604
465 605
465 606
465 607
465 608
465 609
465 610
465 611
465 612
465 613
465 614
465 615
465 616
465 617
465 618
465 619
465 620
465 621
465 622
465 623
465 624
465 625
465 626
465 627
465 628
465 629
465 630
465 631
465 632
465 633
465 634
465 635
465 636
465 637
465 638
465 639
465 640
465 641
465 642
465 643
465 644
465 645
465 646
465 647
465 648
465 649
465 650
465 651
465 652
465 653
465 654
465 655
465 656
465 657
465 658
465 659
465 660
465 661
465 662
465 663
465 664
465 665
465 666
465 667
465 668
465 669
465 670
465 671
465 672
465 673
465 674
465 675
465 676
465 677
465 678
465 679
465 680
465 681
465 682
465 683
465 684
465 685
465 686
465 687
465 688
465 689
465 690
465 691
465 692
465 693
465 694
465 695
465 696
465 697
465 698
465 699
465 700
465 701
465 702
465 703
465 704
465 705
465 706
465 707
465 708
465 709
465 710
465 711
465 712
465 713
465 714
465 715
465 716
465 717
465 718
465 719
465 720
465 721
465 722
465 723
465 724
465 725
465 726
465 727
465 728
465 729
465 730
465 731
465 732
465 733
465 734
465 735
465 736
465 737
464 737
463 737
462 737
461 737
460 737
459 737
458 737
457 737
456 737
455 737
454 737
453 737
452 737
451 737
450 737
449 737
448 737
447 737
446 737
445 737
444 737
443 737
442 737
441 737
440 737
439 737
438 737
437 737
436 737
435 737
434 737
433 737
432 737
431 737
430 737
429 737
428 737
427 737
426 737
425 737
424 737
423 737
422 737
421 737
420 737
419 737
418 737
417 737
416 737
415 737
414 737
413 737
412 737
411 737
410 737
409 737
408 737
407 737
406 737
405 737
404 737
403 737
402 737
401 737
400 737
399 737
398 737
397 737
396 737
395 737
394 737
393 737
392 737
391 737
390 737
389 737
388 737
387 737
386 737
385 737
384 737
383 737
382 737
381 737
380 737
379 737
378 737
377 737
376 737
375 737
374 737
373 737
372 737
371 737
370 737
369 737
368 737
367 737
366 737
365 737
364 737
363 737
362 737
361 737
360 737
359 737
358 737
357 737
356 737
355 737
354 737
353 737
352 737
351 737
350 737
349 737
348 737
347 737
346 737
345 737
344 737
343 737
342 737
341 737
340 737
339 737
338 737
337 737
336 737
335 737
334 737
333 737
332 737
331 737
330 737
329 737
328 737
327 737
326 737
325 737
324 737
323 737
322 737
321 737
320 737
319 737
318 737
317 737
316 737
315 737
314 737
313 737
312 737
311 737
310 737
309 737
308 737
307 737
306 737
305 737
304 737
303 737
302 737
301 737
300 737
299 737
298 737
297 737
296 737
295 737
294 737
293 737
292 737
291 737
290 737
289 737
288 737
287 737
286 737
285 737
284 737
283 737
282 737
281 737
280 737
279 737
278 737
277 737
276 737
275 737
274 737
273 737
272 737
271 737
270 737
269 737
268 737
267 737
266 737
265 737
264 737
263 737
262 737
261 737
260 737
259 737
258 737
257 737
256 737
255 737
254 737
253 737
252 737
251 737
250 737
249 737
248 737
247 737
246 737
245 737
244 737
243 737
242 737
241 737
240 737
239 737
238 737
237 737
236 737
235 737
234 737
233 737
232 737
231 737
230 737
229 737
228 737
227 737
226 737
225 737
224 737
223 737
222 737
221 737
220 737
219 737
218 737
217 737
216 737
215 737
214 737
213 737
212 737
211 737
210 737
209 737
208 737
207 737
206 737
205 737
204 737
203 737
202 737
201 737
200 737
199 737
198 737
197 737
196 737
195 737
194 737
193 737
192 737
191 737
190 737
189 737
188 737
187 737
186 737
185 737
184 737
183 737
182 737
181 737
180 737
179 737
178 737
177 737
176 737
175 737
174 737
173 737
172 737
171 737
170 737
169 737
168 737
167 737
166 737
165 737
164 737
163 737
162 737
161 737
160 737
159 737
158 737
157 737
156 737
155 737
154 737
153 737
152 737
151 737
150 737
149 737
148 737
147 737
146 737
145 737
144 737
143 737
142 737
141 737
140 737
139 737
138 737
137 737
136 737
135 737
134 737
134 738
134 739
134 740
134 741
134 742
134 743
134 744
134 745
134 746
134 747
134 748
134 749
134 750
134 751
134 752
134 753
134 754
134 755
134 756
134 757
134 758
134 759
134 760
134 761
134 762
134 763
134 764
134 765
134 766
134 767
134 768
134 769
134 770
134 771
134 772
134 773
134 774
134 775
134 776
134 777
134 778
134 779
134 780
134 781
134 782
134 783
134 784
134 785
134 786
134 787
134 788
134 789
134 790
134 791
134 792
134 793
134 794
134 795
134 796
134 797
134 798
133 798
132 798
131 798
130 798
129 798
128 798
127 798
126 798
125 798
124 798
123 798
122 798
121 798
120 798
119 798
118 798
117 798
116 798
115 798
114 798
113 798
112 798
111 798
110 798
109 798
108 798
107 798
106 798
105 798
104 798
103 798
102 798
101 798
100 798
99 798
98 798
97 798
96 798
95 798
94 798
93 798
92 798
91 798
90 798
89 798
88 798
87 798
86 798
85 798
84 798
83 798
82 798
81 798
80 798
79 798
78 798
77 798
76 798
75 798
74 798
73 798
72 798
71 798
70 798
69 798
68 798
67 798
66 798
65 798
64 798
63 798
62 798
61 798
60 798
59 798
58 798
57 798
56 798
55 798
54 798
53 798
52 798
51 798
50 798
49 798
48 798
47 798
46 798
45 798
44 798
43 798
42 798
41 798
40 798
39 798
38 798
37 798
36 798
35 798
34 798
33 798
32 798
31 798
30 798
29 798
28 798
27 798
26 798
25 798
24 798
23 798
22 798
21 798
21 797
21 796
21 795
21 794
21 793
21 792
21 791
21 790
21 789
21 788
21 787
21 786
21 785
21 784
21 783
21 782
21 781
21 780
21 779
21 778
21 777
21 776
21 775
21 774
21 773
21 772
21 771
21 770
21 769
21 768
21 767
21 766
21 765
21 764
21 763
21 762
21 761
21 760
21 759
21 758
21 757
21 756
21 755
21 754
21 753
21 752
21 751
21 750
21 749
21 748
21 747
21 746
21 745
21 744
21 743
21 742
21 741
21 740
21 739
21 738
21 737
21 736
21 735
21 734
21 733
21 732
21 731
21 730
21 729
21 728
21 727
21 726
21 725
21 724
21 723
21 722
21 721
21 720
21 719
21 718
21 717
21 716
21 715
21 714
21 713
21 712
21 711
21 710
21 709
21 708
21 707
21 706
21 705
21 704
21 703
21 702
21 701
21 700
21 699
21 698
21 697
21 696
21 695
21 694
21 693
21 692
21 691
21 690
21 689
21 688
21 687
21 686
21 685
21 684
21 683
21 682
21 681
21 680
21 679
21 678
21 677
21 676
21 675
21 674
21 673
21 672
21 671
21 670
21 669
21 668
21 667
21 666
21 665
21 664
21 663
21 662
21 661
21 660
21 659
21 658
21 657
21 656
21 655
21 654
21 653
21 652
21 651
21 650
21 649
21 648
21 647
21 646
21 645
21 644
21 643
21 642
21 641
21 640
21 639
21 638
21 637
21 636
21 635
21 634
21 633
21 632
21 631
21 630
21 629
21 628
21 627
21 626
21 625
21 624
21 623
21 622
21 621
21 620
21 619
21 618
21 617
21 616
21 615
21 614
21 613
21 612
21 611
21 610
21 609
21 608
21 607
21 606
21 605
21 604
21 603
21 602
21 601
21 600
21 599
21 598
21 597
21 596
21 595
21 594
21 593
21 592
21 591
21 590
21 589
21 588
21 587
21 586
21 585
21 584
21 583
21 582
21 581
21 580
21 579
21 578
21 577
21 576
21 575
21 574
21 573
21 572
21 571
21 570
21 569
21 568
21 567
21 566
21 565
21 564
21 563
21 562
21 561
21 560
21 559
21 558
21 557
21 556
21 555
21 554
21 553
21 552
21 551
21 550
21 549
21 548
21 547
21 546
21 545
21 544
21 543
21 542
21 541
21 540
21 539
21 538
21 537
21 536
21 535
21 534
21 533
21 532
21 531
21 530
21 529
21 528
21 527
21 526
21 525
21 524
21 523
21 522
21 521
21 520
21 519
21 518
21 517
21 516
21 515
21 514
21 513
21 512
21 511
21 510
21 509
21 508
21 507
21 506
21 505
21 504
21 503
21 502
21 501
21 500
21 499
21 498
21 497
21 496
21 495
21 494
21 493
21 492
21 491
21 490
21 489
21 488
21 487
21 486
21 485
21 484
21 483
21 482
21 481
21 480
21 479
21 478
21 477
22 477
23 477
24 477
25 477
26 477
27 477
28 477
29 477
30 477
31 477
32 477
33 477
34 477
35 477
36 477
37 477
38 477
39 477
40 477
41 477
42 477
43 477
44 477
45 477
46 477
47 477
48 477
49 477
50 477
51 477
52 477
53 477
54 477
55 477
56 477
57 477
58 477
59 477
60 477
61 477
62 477
63 477
64 477
65 477
66 477
67 477
68 477
69 477
70 477
71 477
72 477
73 477
74 477
75 477
76 477
77 477
78 477
79 477
80 477
81 477
82 477
83 477
84 477
85 477
86 477
87 477
88 477
89 477
90 477
91 477
92 477
93 477
94 477
95 477
96 477
97 477
98 477
99 477
100 477
101 477
102 477
103 477
104 477
105 477
106 477
107 477
108 477
109 477
110 477
111 477
112 477
113 477
114 477
115 477
116 477
117 477
118 477
119 477
120 477
121 477
122 477
123 477
124 477
125 477
126 477
127 477
128 477
129 477
130 477
131 477
132 477
133 477
134 477
135 477
136 477
137 477
138 477
139 477
140 477
141 477
142 477
143 477
144 477
145 477
146 477
147 477
148 477
149 477
150 477
151 477
152 477
153 477
154 477
155 477
156 477
157 477
158 477
159 477
160 477
161 477
162 477
163 477
164 477
165 477
166 477
167 477
168 477
169 477
170 477
171 477
172 477
173 477
174 477
175 477
176 477
177 477
178 477
179 477
180 477
181 477
182 477
183 477
184 477
185 477
186 477
187 477
188 477
189 477
190 477
191 477
192 477
193 477
194 477
195 477
196 477
197 477
198 477
199 477
200 477
201 477
202 477
203 477
204 477
205 477
206 477
207 477
208 477
209 477
210 477
211 477
212 477
213 477
214 477
215 477
216 477
217 477
218 477
219 477
220 477
221 477
222 477
223 477
224 477
225 477
226 477
227 477
228 477
229 477
230 477
231 477
232 477
233 477
234 477
235 477
236 477
237 477
238 477
239 477
240 477
241 477
242 477
243 477
244 477
245 477
246 477
247 477
248 477
249 477
250 477
251 477
252 477
253 477
254 477
255 477
256 477
257 477
258 477
259 477
260 477
261 477
262 477
263 477
264 477
265 477
266 477
267 477
268 477
269 477
270 477
271 477
272 477
273 477
274 477
275 477
276 477
277 477
278 477
279 477
280 477
281 477
282 477
283 477
284 477
285 477
286 477
287 477
288 477
289 477
290 477
291 477
292 477
293 477
294 477
295 477
296 477
297 477
298 477
299 477
300 477
301 477
302 477
303 477
304 477
305 477
306 477
307 477
308 477
309 477
310 477
311 477
312 477
313 477
314 477
315 477
316 477
317 477
318 477
319 477
320 477
321 477
322 477
323 477
324 477
325 477
326 477
327 477
328 477
329 477
330 477
331 477
332 477
333 477
334 477
335 477
336 477
337 477
338 477
339 477
340 477
341 477
342 477
343 477
344 477
345 477
346 477
347 477
348 477
349 477
350 477
351 477
352 477
353 477
354 477
355 477
356 477
357 477
358 477
359 477
360 477
361 477
362 477
363 477
364 477
365 477
366 477
367 477
368 477
369 477
370 477
371 477
372 477
373 477
374 477
375 477
376 477
377 477
378 477
379 477
380 477
381 477
382 477
383 477
384 477
385 477
386 477
387 477
388 477
389 477
390 477
391 477
392 477
393 477
394 477
395 477
396 477
397 477
398 477
399 477
400 477
401 477
402 477
403 477
404 477
405 477
406 477
407 477
408 477
409 477
410 477
411 477
412 477
413 477
414 477
415 477
416 477
417 477
418 477
419 477
420 477
421 477
422 477
423 477
424 477
425 477
426 477
427 477
428 477
429 477
430 477
431 477
432 477
433 477
434 477
435 477
436 477
437 477
438 477
439 477
440 477
441 477
442 477
443 477
444 477
445 477
446 477
447 477
448 477
449 477
450 477
451 477
452 477
453 477
454 477
455 477
456 477
457 477
458 477
459 477
460 477
461 477
462 477
463 477
464 477
465 477
466 477
467 477
468 477
469 477
470 477
471 477
472 477
473 477
474 477
475 477
476 477
477 477
478 477
479 477
480 477
481 477
482 477
483 477
484 477
485 477
486 477
487 477
488 477
489 477
490 477
491 477
492 477
493 477
494 477
495 477
496 477
497 477
498 477
499 477
500 477
501 477
502 477
503 477
504 477
505 477
506 477
507 477
508 477
509 477
510 477
511 477
512 477
513 477
514 477
515 477
516 477
517 477
518 477
519 477
520 477
521 477
522 477
523 477
524 477
525 477
526 477
527 477
528 477
529 477
530 477
531 477
532 477
533 477
534 477
534 476
534 475
534 474
534 473
534 472
534 471
534 470
534 469
534 468
534 467
534 466
534 465
534 464
534 463
534 462
534 461
534 460
534 459
534 458
534 457
534 456
534 455
534 454
534 453
534 452
534 451
534 450
534 449
534 448
534 447
534 446
534 445
534 444
534 443
534 442
534 441
534 440
534 439
534 438
534 437
534 436
534 435
534 434
534 433
534 432
534 431
534 430
534 429
534 428
534 427
534 426
534 425
534 424
534 423
534 422
534 421
534 420
534 419
534 418
534 417
534 416
534 415
534 414
534 413
534 412
534 411
534 410
534 409
534 408
534 407
534 406
534 405
534 404
534 403
534 402
534 401
534 400
534 399
534 398
534 397
534 396
534 395
534 394
534 393
534 392
534 391
534 390
534 389
534 388
534 387
534 386
534 385
534 384
534 383
534 382
534 381
534 380
534 379
534 378
534 377
534 376
534 375
534 374
534 373
534 372
534 371
534 370
534 369
534 368
534 367
534 366
534 365
534 364
534 363
534 362
534 361
534 360
534 359
534 358
534 357
535 357
536 357
537 357
538 357
539 357
540 357
541 357
542 357
543 357
544 357
545 357
546 357
547 357
548 357
549 357
550 357
551 357
552 357
553 357
554 357
555 357
556 357
557 357
558 357
559 357
560 357
561 357
562 357
563 357
564 357
565 357
566 357
567 357
568 357
569 357
570 357
571 357
572 357
573 357
574 357
575 357
576 357
577 357
578 357
579 357
580 357
581 357
582 357
583 357
584 357
585 357
586 357
587 357
588 357
589 357
590 357
591 357
592 357
593 357
594 357
595 357
596 357
597 357
598 357
599 357
600 357
601 357
602 357
603 357
604 357
605 357
606 357
607 357
608 357
609 357
610 357
611 357
612 357
613 357
614 357
615 357
616 357
617 357
618 357
619 357
620 357
621 357
622 357
623 357
623 358
623 359
623 360
623 361
623 362
623 363
623 364
623 365
623 366
623 367
623 368
623 369
623 370
623 371
623 372
623 373
623 374
623 375
623 376
623 377
623 378
623 379
623 380
623 381
623 382
623 383
623 384
623 385
623 386
623 387
623 388
623 389
623 390
623 391
623 392
623 393
623 394
623 395
623 396
623 397
623 398
623 399
623 400
623 401
623 402
623 403
623 404
623 405
623 406
623 407
623 408
623 409
623 410
623 411
623 412
623 413
623 414
623 415
623 416
623 417
623 418
623 419
623 420
623 421
623 422
623 423
623 424
623 425
623 426
623 427
623 428
623 429
623 430
623 431
623 432
623 433
623 434
623 435
623 436
623 437
623 438
623 439
623 440
623 441
623 442
623 443
623 444
623 445
623 446
623 447
623 448
623 449
623 450
623 451
623 452
623 453
623 454
623 455
623 456
623 457
623 458
623 459
623 460
623 461
623 462
623 463
623 464
623 465
623 466
623 467
623 468
623 469
623 470
623 471
623 472
623 473
623 474
623 475
623 476
623 477
623 478
623 479
623 480
623 481
623 482
623 483
623 484
623 485
623 486
623 487
623 488
623 489
623 490
623 491
623 492
623 493
623 494
623 495
623 496
623 497
623 498
623 499
623 500
623 501
623 502
623 503
623 504
623 505
623 506
623 507
623 508
623 509
623 510
623 511
623 512
623 513
623 514
623 515
623 516
623 517
623 518
623 519
623 520
623 521
623 522
623 523
623 524
623 525
623 526
623 527
623 528
623 529
623 530
623 531
623 532
623 533
623 534
623 535
623 536
623 537
623 538
623 539
623 540
623 541
623 542
623 543
623 544
623 545
623 546
623 547
623 548
623 549
623 550
623 551
623 552
623 553
623 554
623 555
623 556
623 557
623 558
623 559
623 560
623 561
623 562
623 563
623 564
623 565
623 566
623 567
623 568
623 569
623 570
623 571
623 572
623 573
623 574
623 575
623 576
623 577
623 578
623 579
623 580
623 581
623 582
623 583
623 584
623 585
623 586
623 587
623 588
623 589
623 590
623 591
623 592
623 593
623 594
623 595
623 596
623 597
623 598
623 599
623 600
623 601
623 602
623 603
623 604
623 605
623 606
623 607
623 608
623 609
623 610
623 611
623 612
623 613
623 614
623 615
623 616
623 617
623 618
623 619
623 620
623 621
623 622
623 623
623 624
623 625
623 626
623 627
623 628
623 629
623 630
623 631
623 632
623 633
623 634
623 635
623 636
623 637
623 638
623 639
623 640
623 641
623 642
623 643
623 644
623 645
623 646
623 647
623 648
623 649
623 650
623 651
623 652
623 653
623 654
623 655
623 656
623 657
623 658
623 659
623 660
623 661
623 662
623 663
623 664
623 665
623 666
623 667
623 668
623 669
623 670
623 671
623 672
623 673
623 674
623 675
623 676
623 677
623 678
623 679
623 680
623 681
623 682
623 683
623 684
623 685
623 686
623 687
623 688
623 689
623 690
623 691
623 692
623 693
623 694
623 695
623 696
623 697
623 698
623 699
623 700
623 701
623 702
623 703
623 704
623 705
623 706
623 707
623 708
623 709
623 710
623 711
623 712
623 713
623 714
623 715
623 716
623 717
623 718
623 719
623 720
623 721
623 722
623 723
623 724
623 725
623 726
623 727
623 728
623 729
623 730
623 731
623 732
623 733
623 734
623 735
623 736
623 737
623 738
623 739
623 740
623 741
623 742
623 743
623 744
623 745
623 746
623 747
623 748
623 749
623 750
623 751
623 752
623 753
623 754
623 755
623 756
623 757
623 758
623 759
623 760
623 761
623 762
623 763
623 764
623 765
623 766
623 767
623 768
623 769
623 770
623 771
623 772
623 773
623 774
623 775
623 776
623 777
623 778
623 779
623 780
623 781
623 782
623 783
623 784
623 785
623 786
623 787
623 788
623 789
623 790
623 791
623 792
623 793
623 794
623 795
623 796
623 797
623 798
623 799
623 800
623 801
623 802
623 803
623 804
623 805
623 806
623 807
623 808
623 809
623 810
623 811
623 812
623 813
623 814
623 815
623 816
623 817
623 818
623 819
623 820
623 821
623 822
623 823
623 824
623 825
623 826
623 827
623 828
623 829
623 830
623 831
623 832
623 833
623 834
623 835
623 836
623 837
623 838
623 839
623 840
623 841
623 842
623 843
623 844
623 845
623 846
623 847
623 848
623 849
623 850
623 851
623 852
623 853
623 854
623 855
623 856
623 857
623 858
623 859
623 860
623 861
623 862
623 863
623 864
623 865
623 866
623 867
623 868
623 869
623 870
623 871
623 872
623 873
623 874
623 875
623 876
623 877
623 878
623 879
623 880
623 881
623 882
623 883
623 884
623 885
623 886
623 887
623 888
623 889
623 890
623 891
623 892
623 893
623 894
623 895
623 896
623 897
623 898
623 899
623 900
623 901
623 902
623 903
623 904
623 905
623 906
623 907
623 908
623 909
623 910
623 911
623 912
623 913
623 914
623 915
623 916
623 917
623 918
623 919
623 920
623 921
623 922
623 923
623 924
623 925
623 926
623 927
623 928
623 929
623 930
623 931
623 932
623 933
623 934
623 935
623 936
623 937
623 938
623 939
623 940
623 941
623 942
623 943
623 944
623 945
623 946
623 947
623 948
623 949
623 950
623 951
623 952
623 953
623 954
623 955
623 956
623 957
623 958
623 959
623 960
623 961
623 962
623 963
623 964
624 964
625 964
626 964
627 964
628 964
629 964
630 964
631 964
632 964
633 964
634 964
635 964
636 964
637 964
638 964
639 964
640 964
641 964
642 964
643 964
644 964
645 964
646 964
647 964
648 964
649 964
650 964
651 964
652 964
653 964
654 964
655 964
656 964
657 964
658 964
659 964
660 964
661 964
662 964
663 964
664 964
665 964
666 964
667 964
668 964
669 964
670 964
671 964
672 964
673 964
674 964
675 964
676 964
677 964
678 964
679 964
680 964
681 964
682 964
683 964
684 964
685 964
686 964
687 964
688 964
689 964
690 964
691 964
692 964
693 964
694 964
695 964
696 964
697 964
698 964
699 964
700 964
701 964
702 964
703 964
704 964
705 964
706 964
707 964
708 964
709 964
710 964
711 964
712 964
713 964
714 964
715 964
716 964
717 964
718 964
719 964
720 964
721 964
722 964
723 964
724 964
725 964
726 964
727 964
728 964
729 964
730 964
731 964
732 964
733 964
734 964
735 964
736 964
737 964
738 964
739 964
740 964
741 964
742 964
743 964
744 964
745 964
746 964
747 964
748 964
749 964
750 964
751 964
752 964
753 964
754 964
755 964
756 964
757 964
758 964
759 964
760 964
761 964
762 964
763 964
764 964
765 964
766 964
767 964
768 964
769 964
770 964
771 964
772 964
773 964
774 964
775 964
776 964
777 964
778 964
779 964
780 964
781 964
782 964
783 964
784 964
785 964
786 964
787 964
788 964
789 964
790 964
791 964
792 964
793 964
794 964
795 964
796 964
797 964
798 964
799 964
800 964
801 964
802 964
803 964
804 964
805 964
806 964
807 964
808 964
809 964
810 964
811 964
812 964
813 964
814 964
815 964
816 964
817 964
818 964
819 964
820 964
821 964
822 964
823 964
824 964
825 964
826 964
827 964
828 964
829 964
830 964
831 964
832 964
833 964
834 964
835 964
836 964
837 964
838 964
839 964
840 964
841 964
842 964
843 964
844 964
845 964
846 964
847 964
848 964
849 964
850 964
851 964
852 964
853 964
854 964
855 964
856 964
857 964
858 964
859 964
860 964
861 964
862 964
863 964
864 964
865 964
866 964
867 964
868 964
869 964
870 964
871 964
872 964
873 964
874 964
875 964
876 964
877 964
878 964
879 964
880 964
881 964
882 964
883 964
884 964
885 964
886 964
887 964
888 964
889 964
890 964
891 964
892 964
893 964
894 964
895 964
896 964
897 964
898 964
899 964
900 964
901 964
902 964
903 964
904 964
905 964
906 964
907 964
908 964
909 964
910 964
911 964
912 964
913 964
914 964
915 964
916 964
917 964
918 964
919 964
920 964
921 964
922 964
923 964
924 964
925 964
926 964
927 964
928 964
929 964
930 964
931 964
932 964
933 964
934 964
935 964
936 964
937 964
938 964
939 964
940 964
941 964
942 964
943 964
944 964
945 964
946 964
947 964
948 964
949 964
950 964
951 964
952 964
953 964
954 964
955 964
956 964
957 964
958 964
959 964
960 964
961 964
962 964
963 964
964 964
965 964
966 964
967 964
968 964
969 964
970 964
971 964
972 964
973 964
974 964
975 964
976 964
977 964
978 964
979 964
980 964
981 964
982 964
983 964
984 964
985 964
986 964
987 964
988 964
989 964
990 964
991 964
992 964
993 964
994 964
995 964
996 964
997 964
998 964
999 964