0 31
1 31
1 30
1 29
1 28
1 27
1 26
1 25
1 24
1 23
1 22
1 21
2 21
3 21
4 21
5 21
6 21
7 21
8 21
9 21
10 21
11 21
12 21
13 21
14 21
15 21
15 20
16 20
17 20
18 20
19 20
20 20
21 20
22 20
23 20
24 20
25 20
26 20
27 20
27 19
27 18
27 17
27 16
27 15
27 14
27 13
27 12
27 11
27 10
27 9
27 8
27 7
27 6
26 6
25 6
24 6
23 6
22 6
22 5
21 5
20 5
19 5
18 5
17 5
16 5
15 5
14 5
13 5
12 5
11 5
10 5
10 4
10 3
10 2
10 1
11 1
12 1
13 1
14 1
15 1
16 1
17 1
18 1
19 1
20 1
21 1
22 1
23 1
24 1
25 1
26 1
27 1
28 1
29 1
30 1
31 1
32 1
33 1
34 1
35 1
36 1
37 1
38 1
39 1
40 1
40 2
40 3
40 4
40 5
40 6
40 7
40 8
40 9
40 10
40 11
39 11
39 12
39 13
39 14
39 15
39 16
39 17
39 18
39 19
39 20
39 21
39 22
39 23
39 24
40 24
41 24
42 24
43 24
44 24
44 25
44 26
44 27
44 28
44 29
44 30
43 30
42 30
41 30
40 30
39 30
38 30
37 30
36 30
36 31
36 32
36 33
36 34
36 35
36 36
35 36
34 36
33 36
32 36
32 37
32 38
31 38
31 39
31 40
31 41
31 42
32 42
33 42
34 42
35 42
36 42
37 42
38 42
39 42
40 42
41 42
42 42
43 42
44 42
45 42
45 43
44 43
43 43
42 43
41 43
40 43
39 43
38 43
37 43
36 43
35 43
34 43
33 43
32 43
31 43
30 43
29 43
28 43
27 43
26 43
25 43
24 43
23 43
22 43
21 43
20 43
19 43
18 43
17 43
16 43
16 44
16 45
16 46
16 47
15 47
14 47
13 47
13 46
13 45
13 44
13 43
13 42
13 41
13 40
13 39
13 38
13 37
13 36
13 35
14 35
15 35
16 35
17 35
18 35
19 35
19 34
20 34
21 34
22 34
23 34
23 33
23 32
23 31
23 30
23 29
23 28
23 27
23 26
23 25
23 24
23 23
22 23
21 23
20 23
20 22
20 21
20 20
20 19
20 18
20 17
20 16
20 15
20 14
20 13
19 13
18 13
17 13
16 13
15 13
14 13
13 13
12 13
11 13
10 13
9 13
8 13
7 13
6 13
5 13
4 13
3 13
2 13
2 12
2 11
2 10
2 9
2 8
2 7
3 7
4 7
5 7
6 7
6 8
6 9
6 10
6 11
6 12
6 13
6 14
6 15
6 16
6 17
6 18
6 19
6 20
6 21
6 22
6 23
6 24
6 25
6 26
7 26
8 26
9 26
10 26
11 26
12 26
13 26
14 26
15 26
16 26
17 26
18 26
19 26
20 26
21 26
22 26
23 26
24 26
25 26
26 26
27 26
28 26
29 26
30 26
31 26
32 26
33 26
34 26
34 25
34 24
34 23
34 22
34 21
34 20
34 19
34 18
34 17
34 16
34 15
34 14
34 13
34 12
34 11
34 10
35 10
36 10
37 10
38 10
39 10
40 10
41 10
42 10
43 10
44 10
45 10
46 10
47 10
47 11
47 12
47 13
47 14
47 15
47 16
47 17
47 18
47 19
48 19
49 19