48.433058823529414 3.904764705882353 10980.0
38.4285 -8.975285714285715 2898.785714285714
46.901500000000006 19.0365 11887.0
41.031375 -8.34325 1741.875
47.88739130434782 -2.1429565217391304 8839.0
49.06380952380953 -2.2156666666666665 11586.952380952382
52.45633333333333 3.5293333333333337 10382.666666666666
56.608 36.897000000000006 4857.5
43.9636 20.526999999999997 10668.0
48.5642 3.925 10972.0
45.398375 1.092375 11587.5
41.115 22.043625 8360.0
52.11766666666667 -1.3283333333333334 5356.166666666667
50.11311111111111 1.549111111111111 10524.444444444445
52.086166666666664 6.454666666666667 10363.0
44.464 17.509 10972.0
39.218 -9.174 2705.0
45.045818181818184 5.826545454545454 11576.181818181818
52.70225 39.697750000000006 10185.5
47.90872727272728 8.59890909090909 3040.7272727272725
54.4925 9.214714285714289 10660.0
54.79244444444444 11.21577777777778 11277.0
35.997 33.679 10363.0
38.95782352941176 -1.3728235294117648 10058.0
47.855399999999996 -2.1841999999999997 11285.0
55.04474999999999 9.35825 12192.0
51.19213157894737 -3.6678552631578945 3031.7368421052633
55.31120000000001 15.463999999999999 10668.0
54.48578571428572 9.296642857142857 11277.0
46.93058333333334 29.10258333333333 668.9166666666666
41.117599999999996 -1.8665999999999998 8420.8
37.79588118811881 31.616168316831686 11887.0
47.417 8.391 2209.0
52.483222222222224 38.88755555555556 10668.0
59.37292307692308 21.31738461538462 10972.0
51.177200000000006 0.1518 1450.6
56.107499999999995 30.7535 10066.0
46.12973684210527 5.951052631578948 1219.2105263157894
55.86361538461539 12.749307692307692 1206.6923076923076
47.280857142857144 7.689285714285714 2397.8571428571427
52.76350000000001 38.835928571428575 10666.285714285714
51.18342105263159 0.20489473684210527 1569.7894736842106
48.21063636363636 2.899090909090909 8223.90909090909
52.52372727272728 -1.7776363636363635 8072.181818181818
44.60892857142857 6.206428571428573 10713.07142857143
40.72735714285715 -7.261928571428571 5791.0
47.60016666666667 7.521083333333333 130.0
51.435 0.046 1935.0
48.8795 40.4111 10667.2
41.89328571428571 -3.4911428571428575 10147.57142857143
